c:\users\2220262\desktop\描画エンジン\x3dgp.00\x64\debug\vc142.pdb
c:\users\2220262\desktop\描画エンジン\x3dgp.00\x64\debug\vc142.idb
c:\users\2220262\desktop\描画エンジン\x3dgp.00\x64\debug\static_mesh.obj
c:\users\2220262\desktop\描画エンジン\x3dgp.00\x64\debug\sprite_batch.obj
c:\users\2220262\desktop\描画エンジン\x3dgp.00\x64\debug\sprite.obj
c:\users\2220262\desktop\描画エンジン\x3dgp.00\x64\debug\main.obj
c:\users\2220262\desktop\描画エンジン\x3dgp.00\x64\debug\framework.obj
c:\users\2220262\desktop\描画エンジン\x3dgp.00\x64\debug\texture.obj
c:\users\2220262\desktop\描画エンジン\x3dgp.00\x64\debug\shader.obj
c:\users\2220262\desktop\描画エンジン\x3dgp.00\x64\debug\imgui_widgets.obj
c:\users\2220262\desktop\描画エンジン\x3dgp.00\x64\debug\imgui_ja_gryph_ranges.obj
c:\users\2220262\desktop\描画エンジン\x3dgp.00\x64\debug\imgui_impl_win32.obj
c:\users\2220262\desktop\描画エンジン\x3dgp.00\x64\debug\imgui_impl_dx11.obj
c:\users\2220262\desktop\描画エンジン\x3dgp.00\x64\debug\imgui_draw.obj
c:\users\2220262\desktop\描画エンジン\x3dgp.00\x64\debug\imgui.obj
c:\users\2220262\desktop\描画エンジン\x3dgp.00\x64\debug\geometric_primitive.obj
c:\users\2220262\desktop\描画エンジン\x3dgp.00\x64\debug\skinned_mesh.obj
c:\users\2220262\desktop\描画エンジン\x3dgp.00\geometric_primitive_ps.cod
c:\users\2220262\desktop\描画エンジン\x3dgp.00\geometric_primitive_ps.cso
c:\users\2220262\desktop\描画エンジン\x3dgp.00\geometric_primitive_vs.cod
c:\users\2220262\desktop\描画エンジン\x3dgp.00\geometric_primitive_vs.cso
c:\users\2220262\desktop\描画エンジン\x3dgp.00\sprite_ps.cod
c:\users\2220262\desktop\描画エンジン\x3dgp.00\sprite_ps.cso
c:\users\2220262\desktop\描画エンジン\x3dgp.00\sprite_vs.cod
c:\users\2220262\desktop\描画エンジン\x3dgp.00\sprite_vs.cso
c:\users\2220262\desktop\描画エンジン\x3dgp.00\static_mesh_vs.cod
c:\users\2220262\desktop\描画エンジン\x3dgp.00\static_mesh_vs.cso
c:\users\2220262\desktop\描画エンジン\x3dgp.00\static_mesh_ps.cod
c:\users\2220262\desktop\描画エンジン\x3dgp.00\static_mesh_ps.cso
c:\users\2220262\desktop\描画エンジン\x3dgp.00\skinned_mesh_ps.cod
c:\users\2220262\desktop\描画エンジン\x3dgp.00\skinned_mesh_ps.cso
c:\users\2220262\desktop\描画エンジン\x3dgp.00\skinned_mesh_vs.cod
c:\users\2220262\desktop\描画エンジン\x3dgp.00\skinned_mesh_vs.cso
c:\users\2220262\desktop\描画エンジン\x3dgp.00\x64\debug\3dgp.exe
c:\users\2220262\desktop\描画エンジン\x3dgp.00\x64\debug\3dgp.ilk
c:\users\2220262\desktop\描画エンジン\x3dgp.00\x64\debug\3dgp.pdb
c:\users\2220262\desktop\描画エンジン\x3dgp.00\x64\debug\framework.obj.enc
c:\users\2220262\desktop\描画エンジン\x3dgp.00\x64\debug\static_mesh.obj.enc
c:\users\2220262\desktop\描画エンジン\x3dgp.00\x64\debug\3dgp.tlog\cl.command.1.tlog
c:\users\2220262\desktop\描画エンジン\x3dgp.00\x64\debug\3dgp.tlog\cl.read.1.tlog
c:\users\2220262\desktop\描画エンジン\x3dgp.00\x64\debug\3dgp.tlog\cl.write.1.tlog
c:\users\2220262\desktop\描画エンジン\x3dgp.00\x64\debug\3dgp.tlog\fxc.command.1.tlog
c:\users\2220262\desktop\描画エンジン\x3dgp.00\x64\debug\3dgp.tlog\fxc.read.1.tlog
c:\users\2220262\desktop\描画エンジン\x3dgp.00\x64\debug\3dgp.tlog\fxc.write.1.tlog
c:\users\2220262\desktop\描画エンジン\x3dgp.00\x64\debug\3dgp.tlog\link.command.1.tlog
c:\users\2220262\desktop\描画エンジン\x3dgp.00\x64\debug\3dgp.tlog\link.read.1.tlog
c:\users\2220262\desktop\描画エンジン\x3dgp.00\x64\debug\3dgp.tlog\link.write.1.tlog
